2020-08-09 19:20:36,730 [Worker-6: Loading available Gradle versions] INFO  o.e.b.c.i.u.g.PublishedGradleVersions - Gradle version information cache is up-to-date. Trying to read.
2020-08-09 20:54:13,748 [Worker-1: Loading available Gradle versions] INFO  o.e.b.c.i.u.g.PublishedGradleVersions - Gradle version information cache is up-to-date. Trying to read.
2020-09-21 22:07:30,593 [Worker-6: Loading available Gradle versions] INFO  o.e.b.c.i.u.g.PublishedGradleVersions - Gradle version information cache is out-of-date. Trying to update.
2020-09-21 22:54:07,627 [Worker-2: Loading available Gradle versions] INFO  o.e.b.c.i.u.g.PublishedGradleVersions - Gradle version information cache is up-to-date. Trying to read.
2020-09-23 13:51:03,526 [Worker-2: Loading available Gradle versions] INFO  o.e.b.c.i.u.g.PublishedGradleVersions - Gradle version information cache is up-to-date. Trying to read.
2020-09-23 14:24:02,500 [Worker-2: Loading available Gradle versions] INFO  o.e.b.c.i.u.g.PublishedGradleVersions - Gradle version information cache is up-to-date. Trying to read.
2020-10-08 10:11:37,496 [Worker-0: Loading available Gradle versions] INFO  o.e.b.c.i.u.g.PublishedGradleVersions - Gradle version information cache is out-of-date. Trying to update.
2020-10-08 10:11:43,153 [Worker-0: Loading available Gradle versions] INFO  o.e.b.c.i.u.g.PublishedGradleVersions - Updating Gradle version information cache failed. Using outdated cache.
2020-10-08 10:17:34,936 [Worker-8: Creating maven-archetype-quickstart] INFO  o.e.m.c.i.p.ProjectConfigurationManager - Collecting project info '/pom.xml' E:\Saurabh\SaurabhLockDown\Hibernate 9AM\HibernateApps\HBAnnoProj-46-HB_QBC\pom.xml
2020-10-08 10:17:39,577 [Worker-8: Creating maven-archetype-quickstart] INFO  o.e.m.c.i.l.LifecycleMappingFactory - Using org.eclipse.m2e.jdt.JarLifecycleMapping lifecycle mapping for MavenProject: nit:HBAnnoProj-46-HB_QBC:0.0.1-SNAPSHOT @ E:\Saurabh\SaurabhLockDown\Hibernate 9AM\HibernateApps\HBAnnoProj-46-HB_QBC\pom.xml.
2020-10-08 10:17:42,758 [Worker-8: Creating maven-archetype-quickstart] INFO  o.e.m.j.i.AbstractJavaProjectConfigurator - Adding source folder /HBAnnoProj-46-HB_QBC/src/main/java
2020-10-08 10:17:42,781 [Worker-8: Creating maven-archetype-quickstart] INFO  o.e.m.j.i.AbstractJavaProjectConfigurator - Adding source folder /HBAnnoProj-46-HB_QBC/src/test/java
2020-10-08 10:17:43,317 [Worker-8: Creating maven-archetype-quickstart] INFO  o.e.m.c.i.p.ProjectConfigurationManager - Imported and configured 1 project(s) in 8 sec
2020-10-08 10:17:44,722 [Worker-16: Building workspace] INFO  o.e.m.c.i.embedder.EclipseLogger - Using 'UTF-8' encoding to copy filtered resources.
2020-10-08 10:17:44,723 [Worker-16: Building workspace] INFO  o.e.m.c.i.embedder.EclipseLogger - skip non existing resourceDirectory E:\Saurabh\SaurabhLockDown\Hibernate 9AM\HibernateApps\HBAnnoProj-46-HB_QBC\src\main\resources
2020-10-08 10:17:44,748 [Worker-16: Building workspace] INFO  o.e.m.c.i.embedder.EclipseLogger - Using 'UTF-8' encoding to copy filtered resources.
2020-10-08 10:17:44,749 [Worker-16: Building workspace] INFO  o.e.m.c.i.embedder.EclipseLogger - skip non existing resourceDirectory E:\Saurabh\SaurabhLockDown\Hibernate 9AM\HibernateApps\HBAnnoProj-46-HB_QBC\src\test\resources
2020-10-08 10:19:18,007 [Worker-20: Building workspace] INFO  o.e.m.c.i.l.LifecycleMappingFactory - Using org.eclipse.m2e.jdt.JarLifecycleMapping lifecycle mapping for MavenProject: nit:HBAnnoProj-46-HB_QBC:0.0.1-SNAPSHOT @ E:\Saurabh\SaurabhLockDown\Hibernate 9AM\HibernateApps\HBAnnoProj-46-HB_QBC\pom.xml.
2020-10-08 10:19:23,052 [Worker-20: Building workspace] INFO  o.e.m.c.i.e.AbstractTransferListenerAdapter - Downloading https://repo.maven.apache.org/maven2/org/hibernate/hibernate-core/5.4.22.Final/hibernate-core-5.4.22.Final.jar
2020-10-08 10:23:01,692 [Worker-20: Building workspace] INFO  o.e.m.c.i.e.AbstractTransferListenerAdapter - Downloaded https://repo.maven.apache.org/maven2/org/hibernate/hibernate-core/5.4.22.Final/hibernate-core-5.4.22.Final.jar
2020-10-08 10:23:01,918 [Worker-20: Building workspace] INFO  o.e.m.c.i.e.AbstractTransferListenerAdapter - Downloading https://repo.maven.apache.org/maven2/org/jboss/logging/jboss-logging/3.3.2.Final/jboss-logging-3.3.2.Final.jar
2020-10-08 10:23:02,352 [Worker-20: Building workspace] INFO  o.e.m.c.i.e.AbstractTransferListenerAdapter - Downloaded https://repo.maven.apache.org/maven2/org/jboss/logging/jboss-logging/3.3.2.Final/jboss-logging-3.3.2.Final.jar
2020-10-08 10:23:02,586 [Worker-20: Building workspace] INFO  o.e.m.c.i.e.AbstractTransferListenerAdapter - Downloading https://repo.maven.apache.org/maven2/javax/persistence/javax.persistence-api/2.2/javax.persistence-api-2.2.jar
2020-10-08 10:23:03,762 [Worker-20: Building workspace] INFO  o.e.m.c.i.e.AbstractTransferListenerAdapter - Downloaded https://repo.maven.apache.org/maven2/javax/persistence/javax.persistence-api/2.2/javax.persistence-api-2.2.jar
2020-10-08 10:23:03,994 [Worker-20: Building workspace] INFO  o.e.m.c.i.e.AbstractTransferListenerAdapter - Downloading https://repo.maven.apache.org/maven2/org/jboss/spec/javax/transaction/jboss-transaction-api_1.2_spec/1.1.1.Final/jboss-transaction-api_1.2_spec-1.1.1.Final.jar
2020-10-08 10:23:04,445 [Worker-20: Building workspace] INFO  o.e.m.c.i.e.AbstractTransferListenerAdapter - Downloaded https://repo.maven.apache.org/maven2/org/jboss/spec/javax/transaction/jboss-transaction-api_1.2_spec/1.1.1.Final/jboss-transaction-api_1.2_spec-1.1.1.Final.jar
2020-10-08 10:23:04,645 [Worker-20: Building workspace] INFO  o.e.m.c.i.e.AbstractTransferListenerAdapter - Downloading https://repo.maven.apache.org/maven2/javax/activation/javax.activation-api/1.2.0/javax.activation-api-1.2.0.jar
2020-10-08 10:23:05,222 [Worker-20: Building workspace] INFO  o.e.m.c.i.e.AbstractTransferListenerAdapter - Downloaded https://repo.maven.apache.org/maven2/javax/activation/javax.activation-api/1.2.0/javax.activation-api-1.2.0.jar
2020-10-08 10:23:05,476 [Worker-20: Building workspace] INFO  o.e.m.c.i.e.AbstractTransferListenerAdapter - Downloading https://repo.maven.apache.org/maven2/javax/xml/bind/jaxb-api/2.3.1/jaxb-api-2.3.1.jar
2020-10-08 10:23:06,403 [Worker-20: Building workspace] INFO  o.e.m.c.i.e.AbstractTransferListenerAdapter - Downloaded https://repo.maven.apache.org/maven2/javax/xml/bind/jaxb-api/2.3.1/jaxb-api-2.3.1.jar
2020-10-08 10:23:06,631 [Worker-20: Building workspace] INFO  o.e.m.c.i.e.AbstractTransferListenerAdapter - Downloading https://repo.maven.apache.org/maven2/org/glassfish/jaxb/jaxb-runtime/2.3.1/jaxb-runtime-2.3.1.jar
2020-10-08 10:23:19,006 [Worker-20: Building workspace] INFO  o.e.m.c.i.e.AbstractTransferListenerAdapter - Downloaded https://repo.maven.apache.org/maven2/org/glassfish/jaxb/jaxb-runtime/2.3.1/jaxb-runtime-2.3.1.jar
2020-10-08 10:23:19,243 [Worker-20: Building workspace] INFO  o.e.m.c.i.e.AbstractTransferListenerAdapter - Downloading https://repo.maven.apache.org/maven2/org/glassfish/jaxb/txw2/2.3.1/txw2-2.3.1.jar
2020-10-08 10:23:19,796 [Worker-20: Building workspace] INFO  o.e.m.c.i.e.AbstractTransferListenerAdapter - Downloaded https://repo.maven.apache.org/maven2/org/glassfish/jaxb/txw2/2.3.1/txw2-2.3.1.jar
2020-10-08 10:23:20,005 [Worker-20: Building workspace] INFO  o.e.m.c.i.e.AbstractTransferListenerAdapter - Downloading https://repo.maven.apache.org/maven2/com/sun/istack/istack-commons-runtime/3.0.7/istack-commons-runtime-3.0.7.jar
2020-10-08 10:23:20,403 [Worker-20: Building workspace] INFO  o.e.m.c.i.e.AbstractTransferListenerAdapter - Downloaded https://repo.maven.apache.org/maven2/com/sun/istack/istack-commons-runtime/3.0.7/istack-commons-runtime-3.0.7.jar
2020-10-08 10:23:20,620 [Worker-20: Building workspace] INFO  o.e.m.c.i.e.AbstractTransferListenerAdapter - Downloading https://repo.maven.apache.org/maven2/org/jvnet/staxex/stax-ex/1.8/stax-ex-1.8.jar
2020-10-08 10:23:21,196 [Worker-20: Building workspace] INFO  o.e.m.c.i.e.AbstractTransferListenerAdapter - Downloaded https://repo.maven.apache.org/maven2/org/jvnet/staxex/stax-ex/1.8/stax-ex-1.8.jar
2020-10-08 10:23:21,491 [Worker-20: Building workspace] INFO  o.e.m.c.i.e.AbstractTransferListenerAdapter - Downloading https://repo.maven.apache.org/maven2/com/sun/xml/fastinfoset/FastInfoset/1.2.15/FastInfoset-1.2.15.jar
2020-10-08 10:23:23,142 [Worker-20: Building workspace] INFO  o.e.m.c.i.e.AbstractTransferListenerAdapter - Downloaded https://repo.maven.apache.org/maven2/com/sun/xml/fastinfoset/FastInfoset/1.2.15/FastInfoset-1.2.15.jar
2020-10-08 10:23:23,460 [Worker-20: Building workspace] INFO  o.e.m.c.i.e.AbstractTransferListenerAdapter - Downloading https://repo.maven.apache.org/maven2/org/hibernate/hibernate-hikaricp/5.4.22.Final/hibernate-hikaricp-5.4.22.Final.jar
2020-10-08 10:23:23,704 [Worker-20: Building workspace] INFO  o.e.m.c.i.e.AbstractTransferListenerAdapter - Downloaded https://repo.maven.apache.org/maven2/org/hibernate/hibernate-hikaricp/5.4.22.Final/hibernate-hikaricp-5.4.22.Final.jar
2020-10-08 10:23:23,915 [Worker-20: Building workspace] INFO  o.e.m.c.i.e.AbstractTransferListenerAdapter - Downloading https://repo.maven.apache.org/maven2/com/zaxxer/HikariCP/3.2.0/HikariCP-3.2.0.jar
2020-10-08 10:23:24,705 [Worker-20: Building workspace] INFO  o.e.m.c.i.e.AbstractTransferListenerAdapter - Downloaded https://repo.maven.apache.org/maven2/com/zaxxer/HikariCP/3.2.0/HikariCP-3.2.0.jar
2020-10-08 10:23:28,563 [Worker-20: Building workspace] INFO  o.e.m.c.i.embedder.EclipseLogger - Using 'UTF-8' encoding to copy filtered resources.
2020-10-08 10:23:28,563 [Worker-20: Building workspace] INFO  o.e.m.c.i.embedder.EclipseLogger - skip non existing resourceDirectory E:\Saurabh\SaurabhLockDown\Hibernate 9AM\HibernateApps\HBAnnoProj-46-HB_QBC\src\main\resources
2020-10-08 10:23:28,569 [Worker-20: Building workspace] INFO  o.e.m.c.i.embedder.EclipseLogger - Using 'UTF-8' encoding to copy filtered resources.
2020-10-08 10:23:28,570 [Worker-20: Building workspace] INFO  o.e.m.c.i.embedder.EclipseLogger - skip non existing resourceDirectory E:\Saurabh\SaurabhLockDown\Hibernate 9AM\HibernateApps\HBAnnoProj-46-HB_QBC\src\test\resources
2020-10-08 10:23:35,350 [Worker-8: reload maven project] INFO  o.e.m.c.i.e.AbstractTransferListenerAdapter - Downloading https://repo.maven.apache.org/maven2/org/postgresql/postgresql/42.2.16/postgresql-42.2.16.pom
2020-10-08 10:23:35,834 [Worker-8: reload maven project] INFO  o.e.m.c.i.e.AbstractTransferListenerAdapter - Downloaded https://repo.maven.apache.org/maven2/org/postgresql/postgresql/42.2.16/postgresql-42.2.16.pom
2020-10-08 10:23:36,356 [Worker-8: reload maven project] INFO  o.e.m.c.i.e.AbstractTransferListenerAdapter - Downloading https://repo.maven.apache.org/maven2/org/checkerframework/checker-qual/3.5.0/checker-qual-3.5.0.pom
2020-10-08 10:23:36,359 [Worker-22: Building workspace] INFO  o.e.m.c.i.l.LifecycleMappingFactory - Using org.eclipse.m2e.jdt.JarLifecycleMapping lifecycle mapping for MavenProject: nit:HBAnnoProj-46-HB_QBC:0.0.1-SNAPSHOT @ E:\Saurabh\SaurabhLockDown\Hibernate 9AM\HibernateApps\HBAnnoProj-46-HB_QBC\pom.xml.
2020-10-08 10:23:37,112 [Worker-8: reload maven project] INFO  o.e.m.c.i.e.AbstractTransferListenerAdapter - Downloaded https://repo.maven.apache.org/maven2/org/checkerframework/checker-qual/3.5.0/checker-qual-3.5.0.pom
2020-10-08 10:23:38,410 [Worker-8: reload maven project] INFO  o.e.m.c.i.e.AbstractTransferListenerAdapter - Downloading https://repo.maven.apache.org/maven2/org/postgresql/postgresql/42.2.16/postgresql-42.2.16.jar
2020-10-08 10:23:39,516 [Worker-22: Building workspace] INFO  o.e.m.c.i.e.AbstractTransferListenerAdapter - Downloading https://repo.maven.apache.org/maven2/org/postgresql/postgresql/42.2.16/postgresql-42.2.16.jar
2020-10-08 10:23:56,463 [Worker-22: Building workspace] INFO  o.e.m.c.i.e.AbstractTransferListenerAdapter - Downloaded https://repo.maven.apache.org/maven2/org/postgresql/postgresql/42.2.16/postgresql-42.2.16.jar
2020-10-08 10:23:56,539 [Worker-8: reload maven project] INFO  o.e.m.c.i.e.AbstractTransferListenerAdapter - Downloaded https://repo.maven.apache.org/maven2/org/postgresql/postgresql/42.2.16/postgresql-42.2.16.jar
2020-10-08 10:23:56,665 [Worker-22: Building workspace] INFO  o.e.m.c.i.e.AbstractTransferListenerAdapter - Downloading https://repo.maven.apache.org/maven2/org/checkerframework/checker-qual/3.5.0/checker-qual-3.5.0.jar
2020-10-08 10:23:56,933 [Worker-8: reload maven project] INFO  o.e.m.c.i.e.AbstractTransferListenerAdapter - Downloading https://repo.maven.apache.org/maven2/org/checkerframework/checker-qual/3.5.0/checker-qual-3.5.0.jar
2020-10-08 10:23:58,489 [Worker-22: Building workspace] INFO  o.e.m.c.i.e.AbstractTransferListenerAdapter - Downloaded https://repo.maven.apache.org/maven2/org/checkerframework/checker-qual/3.5.0/checker-qual-3.5.0.jar
2020-10-08 10:23:58,852 [Worker-8: reload maven project] INFO  o.e.m.c.i.e.AbstractTransferListenerAdapter - Downloaded https://repo.maven.apache.org/maven2/org/checkerframework/checker-qual/3.5.0/checker-qual-3.5.0.jar
2020-10-08 10:24:01,001 [Worker-22: Building workspace] INFO  o.e.m.c.i.embedder.EclipseLogger - Using 'UTF-8' encoding to copy filtered resources.
2020-10-08 10:24:01,002 [Worker-22: Building workspace] INFO  o.e.m.c.i.embedder.EclipseLogger - skip non existing resourceDirectory E:\Saurabh\SaurabhLockDown\Hibernate 9AM\HibernateApps\HBAnnoProj-46-HB_QBC\src\main\resources
2020-10-08 10:24:01,009 [Worker-22: Building workspace] INFO  o.e.m.c.i.embedder.EclipseLogger - Using 'UTF-8' encoding to copy filtered resources.
2020-10-08 10:24:01,010 [Worker-22: Building workspace] INFO  o.e.m.c.i.embedder.EclipseLogger - skip non existing resourceDirectory E:\Saurabh\SaurabhLockDown\Hibernate 9AM\HibernateApps\HBAnnoProj-46-HB_QBC\src\test\resources
2020-10-08 10:24:02,653 [Worker-8: Building workspace] INFO  o.e.m.c.i.embedder.EclipseLogger - Using 'UTF-8' encoding to copy filtered resources.
2020-10-08 10:24:02,653 [Worker-8: Building workspace] INFO  o.e.m.c.i.embedder.EclipseLogger - skip non existing resourceDirectory E:\Saurabh\SaurabhLockDown\Hibernate 9AM\HibernateApps\HBAnnoProj-46-HB_QBC\src\main\resources
2020-10-08 10:24:02,657 [Worker-8: Building workspace] INFO  o.e.m.c.i.embedder.EclipseLogger - Using 'UTF-8' encoding to copy filtered resources.
2020-10-08 10:24:02,659 [Worker-8: Building workspace] INFO  o.e.m.c.i.embedder.EclipseLogger - skip non existing resourceDirectory E:\Saurabh\SaurabhLockDown\Hibernate 9AM\HibernateApps\HBAnnoProj-46-HB_QBC\src\test\resources
2020-10-08 10:24:03,428 [Worker-22: Download sources and javadoc] INFO  o.e.m.c.i.e.AbstractTransferListenerAdapter - Downloading https://repo.maven.apache.org/maven2/org/postgresql/postgresql/42.2.16/postgresql-42.2.16-sources.jar
2020-10-08 10:24:10,446 [Worker-22: Download sources and javadoc] INFO  o.e.m.c.i.e.AbstractTransferListenerAdapter - Downloaded https://repo.maven.apache.org/maven2/org/postgresql/postgresql/42.2.16/postgresql-42.2.16-sources.jar
2020-10-08 10:24:10,725 [Worker-22: Download sources and javadoc] INFO  o.e.m.j.internal.DownloadSourcesJob - Downloaded sources for org.postgresql:postgresql:42.2.16
2020-10-08 10:24:11,901 [Worker-22: Download sources and javadoc] INFO  o.e.m.c.i.e.AbstractTransferListenerAdapter - Downloading https://repo.maven.apache.org/maven2/org/checkerframework/checker-qual/3.5.0/checker-qual-3.5.0-sources.jar
2020-10-08 10:24:14,440 [Worker-22: Download sources and javadoc] INFO  o.e.m.c.i.e.AbstractTransferListenerAdapter - Downloaded https://repo.maven.apache.org/maven2/org/checkerframework/checker-qual/3.5.0/checker-qual-3.5.0-sources.jar
2020-10-08 10:24:14,676 [Worker-22: Download sources and javadoc] INFO  o.e.m.j.internal.DownloadSourcesJob - Downloaded sources for org.checkerframework:checker-qual:3.5.0
2020-10-08 10:24:15,328 [Worker-22: Building workspace] INFO  o.e.m.c.i.embedder.EclipseLogger - Using 'UTF-8' encoding to copy filtered resources.
2020-10-08 10:24:15,329 [Worker-22: Building workspace] INFO  o.e.m.c.i.embedder.EclipseLogger - skip non existing resourceDirectory E:\Saurabh\SaurabhLockDown\Hibernate 9AM\HibernateApps\HBAnnoProj-46-HB_QBC\src\main\resources
2020-10-08 10:24:15,333 [Worker-22: Building workspace] INFO  o.e.m.c.i.embedder.EclipseLogger - Using 'UTF-8' encoding to copy filtered resources.
2020-10-08 10:24:15,334 [Worker-22: Building workspace] INFO  o.e.m.c.i.embedder.EclipseLogger - skip non existing resourceDirectory E:\Saurabh\SaurabhLockDown\Hibernate 9AM\HibernateApps\HBAnnoProj-46-HB_QBC\src\test\resources
2020-10-08 10:27:28,529 [Worker-21: Building workspace] INFO  o.e.m.c.i.embedder.EclipseLogger - Using 'UTF-8' encoding to copy filtered resources.
2020-10-08 10:27:28,529 [Worker-21: Building workspace] INFO  o.e.m.c.i.embedder.EclipseLogger - skip non existing resourceDirectory E:\Saurabh\SaurabhLockDown\Hibernate 9AM\HibernateApps\HBAnnoProj-46-HB_QBC\src\main\resources
2020-10-08 10:27:28,533 [Worker-21: Building workspace] INFO  o.e.m.c.i.embedder.EclipseLogger - Using 'UTF-8' encoding to copy filtered resources.
2020-10-08 10:27:28,533 [Worker-21: Building workspace] INFO  o.e.m.c.i.embedder.EclipseLogger - skip non existing resourceDirectory E:\Saurabh\SaurabhLockDown\Hibernate 9AM\HibernateApps\HBAnnoProj-46-HB_QBC\src\test\resources
2020-10-08 10:27:46,317 [Worker-24: Building workspace] INFO  o.e.m.c.i.embedder.EclipseLogger - Using 'UTF-8' encoding to copy filtered resources.
2020-10-08 10:27:46,317 [Worker-24: Building workspace] INFO  o.e.m.c.i.embedder.EclipseLogger - skip non existing resourceDirectory E:\Saurabh\SaurabhLockDown\Hibernate 9AM\HibernateApps\HBAnnoProj-46-HB_QBC\src\main\resources
2020-10-08 10:27:46,331 [Worker-24: Building workspace] INFO  o.e.m.c.i.embedder.EclipseLogger - Using 'UTF-8' encoding to copy filtered resources.
2020-10-08 10:27:46,332 [Worker-24: Building workspace] INFO  o.e.m.c.i.embedder.EclipseLogger - skip non existing resourceDirectory E:\Saurabh\SaurabhLockDown\Hibernate 9AM\HibernateApps\HBAnnoProj-46-HB_QBC\src\test\resources
2020-10-08 10:28:00,328 [Worker-23: Building workspace] INFO  o.e.m.c.i.embedder.EclipseLogger - Using 'UTF-8' encoding to copy filtered resources.
2020-10-08 10:28:00,328 [Worker-23: Building workspace] INFO  o.e.m.c.i.embedder.EclipseLogger - skip non existing resourceDirectory E:\Saurabh\SaurabhLockDown\Hibernate 9AM\HibernateApps\HBAnnoProj-46-HB_QBC\src\main\resources
2020-10-08 10:28:00,335 [Worker-23: Building workspace] INFO  o.e.m.c.i.embedder.EclipseLogger - Using 'UTF-8' encoding to copy filtered resources.
2020-10-08 10:28:00,336 [Worker-23: Building workspace] INFO  o.e.m.c.i.embedder.EclipseLogger - skip non existing resourceDirectory E:\Saurabh\SaurabhLockDown\Hibernate 9AM\HibernateApps\HBAnnoProj-46-HB_QBC\src\test\resources
2020-10-08 10:28:52,927 [Worker-23: Building workspace] INFO  o.e.m.c.i.embedder.EclipseLogger - Using 'UTF-8' encoding to copy filtered resources.
2020-10-08 10:28:52,927 [Worker-23: Building workspace] INFO  o.e.m.c.i.embedder.EclipseLogger - skip non existing resourceDirectory E:\Saurabh\SaurabhLockDown\Hibernate 9AM\HibernateApps\HBAnnoProj-46-HB_QBC\src\main\resources
2020-10-08 10:28:52,931 [Worker-23: Building workspace] INFO  o.e.m.c.i.embedder.EclipseLogger - Using 'UTF-8' encoding to copy filtered resources.
2020-10-08 10:28:52,932 [Worker-23: Building workspace] INFO  o.e.m.c.i.embedder.EclipseLogger - skip non existing resourceDirectory E:\Saurabh\SaurabhLockDown\Hibernate 9AM\HibernateApps\HBAnnoProj-46-HB_QBC\src\test\resources
2020-10-08 10:29:03,618 [Worker-25: Building workspace] INFO  o.e.m.c.i.embedder.EclipseLogger - Using 'UTF-8' encoding to copy filtered resources.
2020-10-08 10:29:03,619 [Worker-25: Building workspace] INFO  o.e.m.c.i.embedder.EclipseLogger - skip non existing resourceDirectory E:\Saurabh\SaurabhLockDown\Hibernate 9AM\HibernateApps\HBAnnoProj-46-HB_QBC\src\main\resources
2020-10-08 10:29:03,629 [Worker-25: Building workspace] INFO  o.e.m.c.i.embedder.EclipseLogger - Using 'UTF-8' encoding to copy filtered resources.
2020-10-08 10:29:03,630 [Worker-25: Building workspace] INFO  o.e.m.c.i.embedder.EclipseLogger - skip non existing resourceDirectory E:\Saurabh\SaurabhLockDown\Hibernate 9AM\HibernateApps\HBAnnoProj-46-HB_QBC\src\test\resources
2020-10-08 10:29:28,898 [Worker-23: Building workspace] INFO  o.e.m.c.i.embedder.EclipseLogger - Using 'UTF-8' encoding to copy filtered resources.
2020-10-08 10:29:28,899 [Worker-23: Building workspace] INFO  o.e.m.c.i.embedder.EclipseLogger - skip non existing resourceDirectory E:\Saurabh\SaurabhLockDown\Hibernate 9AM\HibernateApps\HBAnnoProj-46-HB_QBC\src\main\resources
2020-10-08 10:29:28,903 [Worker-23: Building workspace] INFO  o.e.m.c.i.embedder.EclipseLogger - Using 'UTF-8' encoding to copy filtered resources.
2020-10-08 10:29:28,903 [Worker-23: Building workspace] INFO  o.e.m.c.i.embedder.EclipseLogger - skip non existing resourceDirectory E:\Saurabh\SaurabhLockDown\Hibernate 9AM\HibernateApps\HBAnnoProj-46-HB_QBC\src\test\resources
2020-10-08 10:31:01,712 [Worker-27: Building workspace] INFO  o.e.m.c.i.embedder.EclipseLogger - Using 'UTF-8' encoding to copy filtered resources.
2020-10-08 10:31:01,713 [Worker-27: Building workspace] INFO  o.e.m.c.i.embedder.EclipseLogger - skip non existing resourceDirectory E:\Saurabh\SaurabhLockDown\Hibernate 9AM\HibernateApps\HBAnnoProj-46-HB_QBC\src\main\resources
2020-10-08 10:31:01,718 [Worker-27: Building workspace] INFO  o.e.m.c.i.embedder.EclipseLogger - Using 'UTF-8' encoding to copy filtered resources.
2020-10-08 10:31:01,719 [Worker-27: Building workspace] INFO  o.e.m.c.i.embedder.EclipseLogger - skip non existing resourceDirectory E:\Saurabh\SaurabhLockDown\Hibernate 9AM\HibernateApps\HBAnnoProj-46-HB_QBC\src\test\resources
2020-10-08 10:31:09,256 [Worker-24: Building workspace] INFO  o.e.m.c.i.embedder.EclipseLogger - Using 'UTF-8' encoding to copy filtered resources.
2020-10-08 10:31:09,257 [Worker-24: Building workspace] INFO  o.e.m.c.i.embedder.EclipseLogger - skip non existing resourceDirectory E:\Saurabh\SaurabhLockDown\Hibernate 9AM\HibernateApps\HBAnnoProj-46-HB_QBC\src\main\resources
2020-10-08 10:31:09,261 [Worker-24: Building workspace] INFO  o.e.m.c.i.embedder.EclipseLogger - Using 'UTF-8' encoding to copy filtered resources.
2020-10-08 10:31:09,261 [Worker-24: Building workspace] INFO  o.e.m.c.i.embedder.EclipseLogger - skip non existing resourceDirectory E:\Saurabh\SaurabhLockDown\Hibernate 9AM\HibernateApps\HBAnnoProj-46-HB_QBC\src\test\resources
2020-10-08 10:32:11,855 [Worker-26: Building workspace] INFO  o.e.m.c.i.embedder.EclipseLogger - Using 'UTF-8' encoding to copy filtered resources.
2020-10-08 10:32:11,856 [Worker-26: Building workspace] INFO  o.e.m.c.i.embedder.EclipseLogger - skip non existing resourceDirectory E:\Saurabh\SaurabhLockDown\Hibernate 9AM\HibernateApps\HBAnnoProj-46-HB_QBC\src\main\resources
2020-10-08 10:32:11,859 [Worker-26: Building workspace] INFO  o.e.m.c.i.embedder.EclipseLogger - Using 'UTF-8' encoding to copy filtered resources.
2020-10-08 10:32:11,860 [Worker-26: Building workspace] INFO  o.e.m.c.i.embedder.EclipseLogger - skip non existing resourceDirectory E:\Saurabh\SaurabhLockDown\Hibernate 9AM\HibernateApps\HBAnnoProj-46-HB_QBC\src\test\resources
2020-10-08 10:32:36,837 [Worker-23: Building workspace] INFO  o.e.m.c.i.embedder.EclipseLogger - Using 'UTF-8' encoding to copy filtered resources.
2020-10-08 10:32:36,838 [Worker-23: Building workspace] INFO  o.e.m.c.i.embedder.EclipseLogger - skip non existing resourceDirectory E:\Saurabh\SaurabhLockDown\Hibernate 9AM\HibernateApps\HBAnnoProj-46-HB_QBC\src\main\resources
2020-10-08 10:32:36,841 [Worker-23: Building workspace] INFO  o.e.m.c.i.embedder.EclipseLogger - Using 'UTF-8' encoding to copy filtered resources.
2020-10-08 10:32:36,842 [Worker-23: Building workspace] INFO  o.e.m.c.i.embedder.EclipseLogger - skip non existing resourceDirectory E:\Saurabh\SaurabhLockDown\Hibernate 9AM\HibernateApps\HBAnnoProj-46-HB_QBC\src\test\resources
2020-10-08 10:33:25,117 [Worker-24: Building workspace] INFO  o.e.m.c.i.embedder.EclipseLogger - Using 'UTF-8' encoding to copy filtered resources.
2020-10-08 10:33:25,121 [Worker-24: Building workspace] INFO  o.e.m.c.i.embedder.EclipseLogger - skip non existing resourceDirectory E:\Saurabh\SaurabhLockDown\Hibernate 9AM\HibernateApps\HBAnnoProj-46-HB_QBC\src\main\resources
2020-10-08 10:33:25,129 [Worker-24: Building workspace] INFO  o.e.m.c.i.embedder.EclipseLogger - Using 'UTF-8' encoding to copy filtered resources.
2020-10-08 10:33:25,130 [Worker-24: Building workspace] INFO  o.e.m.c.i.embedder.EclipseLogger - skip non existing resourceDirectory E:\Saurabh\SaurabhLockDown\Hibernate 9AM\HibernateApps\HBAnnoProj-46-HB_QBC\src\test\resources
2020-10-08 10:37:49,093 [Worker-29: Building workspace] INFO  o.e.m.c.i.embedder.EclipseLogger - Using 'UTF-8' encoding to copy filtered resources.
2020-10-08 10:37:49,093 [Worker-29: Building workspace] INFO  o.e.m.c.i.embedder.EclipseLogger - skip non existing resourceDirectory E:\Saurabh\SaurabhLockDown\Hibernate 9AM\HibernateApps\HBAnnoProj-46-HB_QBC\src\main\resources
2020-10-08 10:37:49,096 [Worker-29: Building workspace] INFO  o.e.m.c.i.embedder.EclipseLogger - Using 'UTF-8' encoding to copy filtered resources.
2020-10-08 10:37:49,096 [Worker-29: Building workspace] INFO  o.e.m.c.i.embedder.EclipseLogger - skip non existing resourceDirectory E:\Saurabh\SaurabhLockDown\Hibernate 9AM\HibernateApps\HBAnnoProj-46-HB_QBC\src\test\resources
2020-10-08 10:38:10,893 [Worker-29: Building workspace] INFO  o.e.m.c.i.embedder.EclipseLogger - Using 'UTF-8' encoding to copy filtered resources.
2020-10-08 10:38:10,893 [Worker-29: Building workspace] INFO  o.e.m.c.i.embedder.EclipseLogger - skip non existing resourceDirectory E:\Saurabh\SaurabhLockDown\Hibernate 9AM\HibernateApps\HBAnnoProj-46-HB_QBC\src\main\resources
2020-10-08 10:38:10,900 [Worker-29: Building workspace] INFO  o.e.m.c.i.embedder.EclipseLogger - Using 'UTF-8' encoding to copy filtered resources.
2020-10-08 10:38:10,900 [Worker-29: Building workspace] INFO  o.e.m.c.i.embedder.EclipseLogger - skip non existing resourceDirectory E:\Saurabh\SaurabhLockDown\Hibernate 9AM\HibernateApps\HBAnnoProj-46-HB_QBC\src\test\resources
2020-10-08 10:38:41,428 [Worker-23: Building workspace] INFO  o.e.m.c.i.embedder.EclipseLogger - Using 'UTF-8' encoding to copy filtered resources.
2020-10-08 10:38:41,430 [Worker-23: Building workspace] INFO  o.e.m.c.i.embedder.EclipseLogger - skip non existing resourceDirectory E:\Saurabh\SaurabhLockDown\Hibernate 9AM\HibernateApps\HBAnnoProj-46-HB_QBC\src\main\resources
2020-10-08 10:38:41,435 [Worker-23: Building workspace] INFO  o.e.m.c.i.embedder.EclipseLogger - Using 'UTF-8' encoding to copy filtered resources.
2020-10-08 10:38:41,438 [Worker-23: Building workspace] INFO  o.e.m.c.i.embedder.EclipseLogger - skip non existing resourceDirectory E:\Saurabh\SaurabhLockDown\Hibernate 9AM\HibernateApps\HBAnnoProj-46-HB_QBC\src\test\resources
2020-10-08 10:39:37,877 [Worker-24: Building workspace] INFO  o.e.m.c.i.embedder.EclipseLogger - Using 'UTF-8' encoding to copy filtered resources.
2020-10-08 10:39:37,877 [Worker-24: Building workspace] INFO  o.e.m.c.i.embedder.EclipseLogger - skip non existing resourceDirectory E:\Saurabh\SaurabhLockDown\Hibernate 9AM\HibernateApps\HBAnnoProj-46-HB_QBC\src\main\resources
2020-10-08 10:39:37,880 [Worker-24: Building workspace] INFO  o.e.m.c.i.embedder.EclipseLogger - Using 'UTF-8' encoding to copy filtered resources.
2020-10-08 10:39:37,881 [Worker-24: Building workspace] INFO  o.e.m.c.i.embedder.EclipseLogger - skip non existing resourceDirectory E:\Saurabh\SaurabhLockDown\Hibernate 9AM\HibernateApps\HBAnnoProj-46-HB_QBC\src\test\resources
2020-10-08 10:40:31,690 [Worker-29: Building workspace] INFO  o.e.m.c.i.embedder.EclipseLogger - Using 'UTF-8' encoding to copy filtered resources.
2020-10-08 10:40:31,690 [Worker-29: Building workspace] INFO  o.e.m.c.i.embedder.EclipseLogger - skip non existing resourceDirectory E:\Saurabh\SaurabhLockDown\Hibernate 9AM\HibernateApps\HBAnnoProj-46-HB_QBC\src\main\resources
2020-10-08 10:40:31,694 [Worker-29: Building workspace] INFO  o.e.m.c.i.embedder.EclipseLogger - Using 'UTF-8' encoding to copy filtered resources.
2020-10-08 10:40:31,694 [Worker-29: Building workspace] INFO  o.e.m.c.i.embedder.EclipseLogger - skip non existing resourceDirectory E:\Saurabh\SaurabhLockDown\Hibernate 9AM\HibernateApps\HBAnnoProj-46-HB_QBC\src\test\resources
2020-10-08 10:41:03,104 [Worker-30: Building workspace] INFO  o.e.m.c.i.embedder.EclipseLogger - Using 'UTF-8' encoding to copy filtered resources.
2020-10-08 10:41:03,104 [Worker-30: Building workspace] INFO  o.e.m.c.i.embedder.EclipseLogger - skip non existing resourceDirectory E:\Saurabh\SaurabhLockDown\Hibernate 9AM\HibernateApps\HBAnnoProj-46-HB_QBC\src\main\resources
2020-10-08 10:41:03,171 [Worker-30: Building workspace] INFO  o.e.m.c.i.embedder.EclipseLogger - Using 'UTF-8' encoding to copy filtered resources.
2020-10-08 10:41:03,172 [Worker-30: Building workspace] INFO  o.e.m.c.i.embedder.EclipseLogger - skip non existing resourceDirectory E:\Saurabh\SaurabhLockDown\Hibernate 9AM\HibernateApps\HBAnnoProj-46-HB_QBC\src\test\resources
2020-10-08 14:16:38,963 [Worker-43: Building workspace] INFO  o.e.m.c.i.embedder.EclipseLogger - Using 'UTF-8' encoding to copy filtered resources.
2020-10-08 14:16:38,964 [Worker-43: Building workspace] INFO  o.e.m.c.i.embedder.EclipseLogger - skip non existing resourceDirectory E:\Saurabh\SaurabhLockDown\Hibernate 9AM\HibernateApps\HBAnnoProj-46-HB_QBC\src\main\resources
2020-10-08 14:16:38,968 [Worker-43: Building workspace] INFO  o.e.m.c.i.embedder.EclipseLogger - Using 'UTF-8' encoding to copy filtered resources.
2020-10-08 14:16:38,969 [Worker-43: Building workspace] INFO  o.e.m.c.i.embedder.EclipseLogger - skip non existing resourceDirectory E:\Saurabh\SaurabhLockDown\Hibernate 9AM\HibernateApps\HBAnnoProj-46-HB_QBC\src\test\resources
2020-10-08 14:16:42,516 [Worker-45: Building workspace] INFO  o.e.m.c.i.embedder.EclipseLogger - Using 'UTF-8' encoding to copy filtered resources.
2020-10-08 14:16:42,516 [Worker-45: Building workspace] INFO  o.e.m.c.i.embedder.EclipseLogger - skip non existing resourceDirectory E:\Saurabh\SaurabhLockDown\Hibernate 9AM\HibernateApps\HBAnnoProj-46-HB_QBC\src\main\resources
2020-10-08 14:16:42,519 [Worker-45: Building workspace] INFO  o.e.m.c.i.embedder.EclipseLogger - Using 'UTF-8' encoding to copy filtered resources.
2020-10-08 14:16:42,520 [Worker-45: Building workspace] INFO  o.e.m.c.i.embedder.EclipseLogger - skip non existing resourceDirectory E:\Saurabh\SaurabhLockDown\Hibernate 9AM\HibernateApps\HBAnnoProj-46-HB_QBC\src\test\resources
2020-10-08 14:17:42,445 [Worker-43: Building workspace] INFO  o.e.m.c.i.embedder.EclipseLogger - Using 'UTF-8' encoding to copy filtered resources.
2020-10-08 14:17:42,446 [Worker-43: Building workspace] INFO  o.e.m.c.i.embedder.EclipseLogger - skip non existing resourceDirectory E:\Saurabh\SaurabhLockDown\Hibernate 9AM\HibernateApps\HBAnnoProj-46-HB_QBC\src\main\resources
2020-10-08 14:17:42,449 [Worker-43: Building workspace] INFO  o.e.m.c.i.embedder.EclipseLogger - Using 'UTF-8' encoding to copy filtered resources.
2020-10-08 14:17:42,449 [Worker-43: Building workspace] INFO  o.e.m.c.i.embedder.EclipseLogger - skip non existing resourceDirectory E:\Saurabh\SaurabhLockDown\Hibernate 9AM\HibernateApps\HBAnnoProj-46-HB_QBC\src\test\resources
2020-10-08 14:22:52,183 [Worker-47: Building workspace] INFO  o.e.m.c.i.embedder.EclipseLogger - Using 'UTF-8' encoding to copy filtered resources.
2020-10-08 14:22:52,183 [Worker-47: Building workspace] INFO  o.e.m.c.i.embedder.EclipseLogger - skip non existing resourceDirectory E:\Saurabh\SaurabhLockDown\Hibernate 9AM\HibernateApps\HBAnnoProj-46-HB_QBC\src\main\resources
2020-10-08 14:22:52,185 [Worker-47: Building workspace] INFO  o.e.m.c.i.embedder.EclipseLogger - Using 'UTF-8' encoding to copy filtered resources.
2020-10-08 14:22:52,186 [Worker-47: Building workspace] INFO  o.e.m.c.i.embedder.EclipseLogger - skip non existing resourceDirectory E:\Saurabh\SaurabhLockDown\Hibernate 9AM\HibernateApps\HBAnnoProj-46-HB_QBC\src\test\resources
2020-10-08 14:24:03,941 [Worker-50: Building workspace] INFO  o.e.m.c.i.embedder.EclipseLogger - Using 'UTF-8' encoding to copy filtered resources.
2020-10-08 14:24:03,941 [Worker-50: Building workspace] INFO  o.e.m.c.i.embedder.EclipseLogger - skip non existing resourceDirectory E:\Saurabh\SaurabhLockDown\Hibernate 9AM\HibernateApps\HBAnnoProj-46-HB_QBC\src\main\resources
2020-10-08 14:24:03,944 [Worker-50: Building workspace] INFO  o.e.m.c.i.embedder.EclipseLogger - Using 'UTF-8' encoding to copy filtered resources.
2020-10-08 14:24:03,945 [Worker-50: Building workspace] INFO  o.e.m.c.i.embedder.EclipseLogger - skip non existing resourceDirectory E:\Saurabh\SaurabhLockDown\Hibernate 9AM\HibernateApps\HBAnnoProj-46-HB_QBC\src\test\resources
2020-10-08 14:24:13,369 [Worker-49: Building workspace] INFO  o.e.m.c.i.embedder.EclipseLogger - Using 'UTF-8' encoding to copy filtered resources.
2020-10-08 14:24:13,369 [Worker-49: Building workspace] INFO  o.e.m.c.i.embedder.EclipseLogger - skip non existing resourceDirectory E:\Saurabh\SaurabhLockDown\Hibernate 9AM\HibernateApps\HBAnnoProj-46-HB_QBC\src\main\resources
2020-10-08 14:24:13,374 [Worker-49: Building workspace] INFO  o.e.m.c.i.embedder.EclipseLogger - Using 'UTF-8' encoding to copy filtered resources.
2020-10-08 14:24:13,375 [Worker-49: Building workspace] INFO  o.e.m.c.i.embedder.EclipseLogger - skip non existing resourceDirectory E:\Saurabh\SaurabhLockDown\Hibernate 9AM\HibernateApps\HBAnnoProj-46-HB_QBC\src\test\resources
2020-10-08 14:25:31,990 [Worker-47: Building workspace] INFO  o.e.m.c.i.embedder.EclipseLogger - Using 'UTF-8' encoding to copy filtered resources.
2020-10-08 14:25:31,990 [Worker-47: Building workspace] INFO  o.e.m.c.i.embedder.EclipseLogger - skip non existing resourceDirectory E:\Saurabh\SaurabhLockDown\Hibernate 9AM\HibernateApps\HBAnnoProj-46-HB_QBC\src\main\resources
2020-10-08 14:25:31,993 [Worker-47: Building workspace] INFO  o.e.m.c.i.embedder.EclipseLogger - Using 'UTF-8' encoding to copy filtered resources.
2020-10-08 14:25:31,993 [Worker-47: Building workspace] INFO  o.e.m.c.i.embedder.EclipseLogger - skip non existing resourceDirectory E:\Saurabh\SaurabhLockDown\Hibernate 9AM\HibernateApps\HBAnnoProj-46-HB_QBC\src\test\resources
2020-10-08 14:26:42,887 [Worker-52: Building workspace] INFO  o.e.m.c.i.embedder.EclipseLogger - Using 'UTF-8' encoding to copy filtered resources.
2020-10-08 14:26:42,887 [Worker-52: Building workspace] INFO  o.e.m.c.i.embedder.EclipseLogger - skip non existing resourceDirectory E:\Saurabh\SaurabhLockDown\Hibernate 9AM\HibernateApps\HBAnnoProj-46-HB_QBC\src\main\resources
2020-10-08 14:26:42,892 [Worker-52: Building workspace] INFO  o.e.m.c.i.embedder.EclipseLogger - Using 'UTF-8' encoding to copy filtered resources.
2020-10-08 14:26:42,893 [Worker-52: Building workspace] INFO  o.e.m.c.i.embedder.EclipseLogger - skip non existing resourceDirectory E:\Saurabh\SaurabhLockDown\Hibernate 9AM\HibernateApps\HBAnnoProj-46-HB_QBC\src\test\resources
2020-10-08 14:31:08,544 [Worker-52: Building workspace] INFO  o.e.m.c.i.embedder.EclipseLogger - Using 'UTF-8' encoding to copy filtered resources.
2020-10-08 14:31:08,545 [Worker-52: Building workspace] INFO  o.e.m.c.i.embedder.EclipseLogger - skip non existing resourceDirectory E:\Saurabh\SaurabhLockDown\Hibernate 9AM\HibernateApps\HBAnnoProj-46-HB_QBC\src\main\resources
2020-10-08 14:31:08,548 [Worker-52: Building workspace] INFO  o.e.m.c.i.embedder.EclipseLogger - Using 'UTF-8' encoding to copy filtered resources.
2020-10-08 14:31:08,548 [Worker-52: Building workspace] INFO  o.e.m.c.i.embedder.EclipseLogger - skip non existing resourceDirectory E:\Saurabh\SaurabhLockDown\Hibernate 9AM\HibernateApps\HBAnnoProj-46-HB_QBC\src\test\resources
2020-10-08 14:32:37,354 [Worker-51: Building workspace] INFO  o.e.m.c.i.embedder.EclipseLogger - Using 'UTF-8' encoding to copy filtered resources.
2020-10-08 14:32:37,355 [Worker-51: Building workspace] INFO  o.e.m.c.i.embedder.EclipseLogger - skip non existing resourceDirectory E:\Saurabh\SaurabhLockDown\Hibernate 9AM\HibernateApps\HBAnnoProj-46-HB_QBC\src\main\resources
2020-10-08 14:32:37,357 [Worker-51: Building workspace] INFO  o.e.m.c.i.embedder.EclipseLogger - Using 'UTF-8' encoding to copy filtered resources.
2020-10-08 14:32:37,358 [Worker-51: Building workspace] INFO  o.e.m.c.i.embedder.EclipseLogger - skip non existing resourceDirectory E:\Saurabh\SaurabhLockDown\Hibernate 9AM\HibernateApps\HBAnnoProj-46-HB_QBC\src\test\resources
2020-10-08 14:33:23,305 [Worker-50: Building workspace] INFO  o.e.m.c.i.embedder.EclipseLogger - Using 'UTF-8' encoding to copy filtered resources.
2020-10-08 14:33:23,305 [Worker-50: Building workspace] INFO  o.e.m.c.i.embedder.EclipseLogger - skip non existing resourceDirectory E:\Saurabh\SaurabhLockDown\Hibernate 9AM\HibernateApps\HBAnnoProj-46-HB_QBC\src\main\resources
2020-10-08 14:33:23,308 [Worker-50: Building workspace] INFO  o.e.m.c.i.embedder.EclipseLogger - Using 'UTF-8' encoding to copy filtered resources.
2020-10-08 14:33:23,309 [Worker-50: Building workspace] INFO  o.e.m.c.i.embedder.EclipseLogger - skip non existing resourceDirectory E:\Saurabh\SaurabhLockDown\Hibernate 9AM\HibernateApps\HBAnnoProj-46-HB_QBC\src\test\resources
2020-10-08 14:34:11,618 [Worker-47: Building workspace] INFO  o.e.m.c.i.embedder.EclipseLogger - Using 'UTF-8' encoding to copy filtered resources.
2020-10-08 14:34:11,618 [Worker-47: Building workspace] INFO  o.e.m.c.i.embedder.EclipseLogger - skip non existing resourceDirectory E:\Saurabh\SaurabhLockDown\Hibernate 9AM\HibernateApps\HBAnnoProj-46-HB_QBC\src\main\resources
2020-10-08 14:34:11,622 [Worker-47: Building workspace] INFO  o.e.m.c.i.embedder.EclipseLogger - Using 'UTF-8' encoding to copy filtered resources.
2020-10-08 14:34:11,623 [Worker-47: Building workspace] INFO  o.e.m.c.i.embedder.EclipseLogger - skip non existing resourceDirectory E:\Saurabh\SaurabhLockDown\Hibernate 9AM\HibernateApps\HBAnnoProj-46-HB_QBC\src\test\resources
2020-10-08 14:38:17,820 [Worker-47: Building workspace] INFO  o.e.m.c.i.embedder.EclipseLogger - Using 'UTF-8' encoding to copy filtered resources.
2020-10-08 14:38:17,821 [Worker-47: Building workspace] INFO  o.e.m.c.i.embedder.EclipseLogger - skip non existing resourceDirectory E:\Saurabh\SaurabhLockDown\Hibernate 9AM\HibernateApps\HBAnnoProj-46-HB_QBC\src\main\resources
2020-10-08 14:38:17,825 [Worker-47: Building workspace] INFO  o.e.m.c.i.embedder.EclipseLogger - Using 'UTF-8' encoding to copy filtered resources.
2020-10-08 14:38:17,826 [Worker-47: Building workspace] INFO  o.e.m.c.i.embedder.EclipseLogger - skip non existing resourceDirectory E:\Saurabh\SaurabhLockDown\Hibernate 9AM\HibernateApps\HBAnnoProj-46-HB_QBC\src\test\resources
2020-10-08 14:39:53,914 [Worker-49: Building workspace] INFO  o.e.m.c.i.embedder.EclipseLogger - Using 'UTF-8' encoding to copy filtered resources.
2020-10-08 14:39:53,914 [Worker-49: Building workspace] INFO  o.e.m.c.i.embedder.EclipseLogger - skip non existing resourceDirectory E:\Saurabh\SaurabhLockDown\Hibernate 9AM\HibernateApps\HBAnnoProj-46-HB_QBC\src\main\resources
2020-10-08 14:39:53,917 [Worker-49: Building workspace] INFO  o.e.m.c.i.embedder.EclipseLogger - Using 'UTF-8' encoding to copy filtered resources.
2020-10-08 14:39:53,918 [Worker-49: Building workspace] INFO  o.e.m.c.i.embedder.EclipseLogger - skip non existing resourceDirectory E:\Saurabh\SaurabhLockDown\Hibernate 9AM\HibernateApps\HBAnnoProj-46-HB_QBC\src\test\resources
2020-10-08 14:40:47,340 [Worker-53: Building workspace] INFO  o.e.m.c.i.embedder.EclipseLogger - Using 'UTF-8' encoding to copy filtered resources.
2020-10-08 14:40:47,341 [Worker-53: Building workspace] INFO  o.e.m.c.i.embedder.EclipseLogger - skip non existing resourceDirectory E:\Saurabh\SaurabhLockDown\Hibernate 9AM\HibernateApps\HBAnnoProj-46-HB_QBC\src\main\resources
2020-10-08 14:40:47,345 [Worker-53: Building workspace] INFO  o.e.m.c.i.embedder.EclipseLogger - Using 'UTF-8' encoding to copy filtered resources.
2020-10-08 14:40:47,345 [Worker-53: Building workspace] INFO  o.e.m.c.i.embedder.EclipseLogger - skip non existing resourceDirectory E:\Saurabh\SaurabhLockDown\Hibernate 9AM\HibernateApps\HBAnnoProj-46-HB_QBC\src\test\resources
2020-10-08 14:41:38,978 [Worker-54: Building workspace] INFO  o.e.m.c.i.embedder.EclipseLogger - Using 'UTF-8' encoding to copy filtered resources.
2020-10-08 14:41:38,979 [Worker-54: Building workspace] INFO  o.e.m.c.i.embedder.EclipseLogger - skip non existing resourceDirectory E:\Saurabh\SaurabhLockDown\Hibernate 9AM\HibernateApps\HBAnnoProj-46-HB_QBC\src\main\resources
2020-10-08 14:41:38,984 [Worker-54: Building workspace] INFO  o.e.m.c.i.embedder.EclipseLogger - Using 'UTF-8' encoding to copy filtered resources.
2020-10-08 14:41:38,984 [Worker-54: Building workspace] INFO  o.e.m.c.i.embedder.EclipseLogger - skip non existing resourceDirectory E:\Saurabh\SaurabhLockDown\Hibernate 9AM\HibernateApps\HBAnnoProj-46-HB_QBC\src\test\resources
2020-10-08 14:41:57,756 [Worker-54: Building workspace] INFO  o.e.m.c.i.embedder.EclipseLogger - Using 'UTF-8' encoding to copy filtered resources.
2020-10-08 14:41:57,757 [Worker-54: Building workspace] INFO  o.e.m.c.i.embedder.EclipseLogger - skip non existing resourceDirectory E:\Saurabh\SaurabhLockDown\Hibernate 9AM\HibernateApps\HBAnnoProj-46-HB_QBC\src\main\resources
2020-10-08 14:41:57,760 [Worker-54: Building workspace] INFO  o.e.m.c.i.embedder.EclipseLogger - Using 'UTF-8' encoding to copy filtered resources.
2020-10-08 14:41:57,760 [Worker-54: Building workspace] INFO  o.e.m.c.i.embedder.EclipseLogger - skip non existing resourceDirectory E:\Saurabh\SaurabhLockDown\Hibernate 9AM\HibernateApps\HBAnnoProj-46-HB_QBC\src\test\resources
2020-10-08 14:44:28,794 [Worker-47: Building workspace] INFO  o.e.m.c.i.embedder.EclipseLogger - Using 'UTF-8' encoding to copy filtered resources.
2020-10-08 14:44:28,795 [Worker-47: Building workspace] INFO  o.e.m.c.i.embedder.EclipseLogger - skip non existing resourceDirectory E:\Saurabh\SaurabhLockDown\Hibernate 9AM\HibernateApps\HBAnnoProj-46-HB_QBC\src\main\resources
2020-10-08 14:44:28,798 [Worker-47: Building workspace] INFO  o.e.m.c.i.embedder.EclipseLogger - Using 'UTF-8' encoding to copy filtered resources.
2020-10-08 14:44:28,798 [Worker-47: Building workspace] INFO  o.e.m.c.i.embedder.EclipseLogger - skip non existing resourceDirectory E:\Saurabh\SaurabhLockDown\Hibernate 9AM\HibernateApps\HBAnnoProj-46-HB_QBC\src\test\resources
2020-10-08 14:47:46,670 [Worker-52: Building workspace] INFO  o.e.m.c.i.embedder.EclipseLogger - Using 'UTF-8' encoding to copy filtered resources.
2020-10-08 14:47:46,671 [Worker-52: Building workspace] INFO  o.e.m.c.i.embedder.EclipseLogger - skip non existing resourceDirectory E:\Saurabh\SaurabhLockDown\Hibernate 9AM\HibernateApps\HBAnnoProj-46-HB_QBC\src\main\resources
2020-10-08 14:47:46,673 [Worker-52: Building workspace] INFO  o.e.m.c.i.embedder.EclipseLogger - Using 'UTF-8' encoding to copy filtered resources.
2020-10-08 14:47:46,674 [Worker-52: Building workspace] INFO  o.e.m.c.i.embedder.EclipseLogger - skip non existing resourceDirectory E:\Saurabh\SaurabhLockDown\Hibernate 9AM\HibernateApps\HBAnnoProj-46-HB_QBC\src\test\resources
2020-10-08 14:48:42,315 [Worker-56: Building workspace] INFO  o.e.m.c.i.embedder.EclipseLogger - Using 'UTF-8' encoding to copy filtered resources.
2020-10-08 14:48:42,316 [Worker-56: Building workspace] INFO  o.e.m.c.i.embedder.EclipseLogger - skip non existing resourceDirectory E:\Saurabh\SaurabhLockDown\Hibernate 9AM\HibernateApps\HBAnnoProj-46-HB_QBC\src\main\resources
2020-10-08 14:48:42,318 [Worker-56: Building workspace] INFO  o.e.m.c.i.embedder.EclipseLogger - Using 'UTF-8' encoding to copy filtered resources.
2020-10-08 14:48:42,319 [Worker-56: Building workspace] INFO  o.e.m.c.i.embedder.EclipseLogger - skip non existing resourceDirectory E:\Saurabh\SaurabhLockDown\Hibernate 9AM\HibernateApps\HBAnnoProj-46-HB_QBC\src\test\resources
2020-10-08 14:48:48,568 [Worker-52: Building workspace] INFO  o.e.m.c.i.embedder.EclipseLogger - Using 'UTF-8' encoding to copy filtered resources.
2020-10-08 14:48:48,568 [Worker-52: Building workspace] INFO  o.e.m.c.i.embedder.EclipseLogger - skip non existing resourceDirectory E:\Saurabh\SaurabhLockDown\Hibernate 9AM\HibernateApps\HBAnnoProj-46-HB_QBC\src\main\resources
2020-10-08 14:48:48,571 [Worker-52: Building workspace] INFO  o.e.m.c.i.embedder.EclipseLogger - Using 'UTF-8' encoding to copy filtered resources.
2020-10-08 14:48:48,571 [Worker-52: Building workspace] INFO  o.e.m.c.i.embedder.EclipseLogger - skip non existing resourceDirectory E:\Saurabh\SaurabhLockDown\Hibernate 9AM\HibernateApps\HBAnnoProj-46-HB_QBC\src\test\resources
2020-10-08 14:48:55,888 [Worker-52: Building workspace] INFO  o.e.m.c.i.embedder.EclipseLogger - Using 'UTF-8' encoding to copy filtered resources.
2020-10-08 14:48:55,889 [Worker-52: Building workspace] INFO  o.e.m.c.i.embedder.EclipseLogger - skip non existing resourceDirectory E:\Saurabh\SaurabhLockDown\Hibernate 9AM\HibernateApps\HBAnnoProj-46-HB_QBC\src\main\resources
2020-10-08 14:48:55,891 [Worker-52: Building workspace] INFO  o.e.m.c.i.embedder.EclipseLogger - Using 'UTF-8' encoding to copy filtered resources.
2020-10-08 14:48:55,891 [Worker-52: Building workspace] INFO  o.e.m.c.i.embedder.EclipseLogger - skip non existing resourceDirectory E:\Saurabh\SaurabhLockDown\Hibernate 9AM\HibernateApps\HBAnnoProj-46-HB_QBC\src\test\resources
2020-10-08 14:52:06,404 [Worker-52: Building workspace] INFO  o.e.m.c.i.embedder.EclipseLogger - Using 'UTF-8' encoding to copy filtered resources.
2020-10-08 14:52:06,404 [Worker-52: Building workspace] INFO  o.e.m.c.i.embedder.EclipseLogger - skip non existing resourceDirectory E:\Saurabh\SaurabhLockDown\Hibernate 9AM\HibernateApps\HBAnnoProj-46-HB_QBC\src\main\resources
2020-10-08 14:52:06,407 [Worker-52: Building workspace] INFO  o.e.m.c.i.embedder.EclipseLogger - Using 'UTF-8' encoding to copy filtered resources.
2020-10-08 14:52:06,407 [Worker-52: Building workspace] INFO  o.e.m.c.i.embedder.EclipseLogger - skip non existing resourceDirectory E:\Saurabh\SaurabhLockDown\Hibernate 9AM\HibernateApps\HBAnnoProj-46-HB_QBC\src\test\resources
2020-10-08 14:52:45,480 [Worker-53: Building workspace] INFO  o.e.m.c.i.embedder.EclipseLogger - Using 'UTF-8' encoding to copy filtered resources.
2020-10-08 14:52:45,480 [Worker-53: Building workspace] INFO  o.e.m.c.i.embedder.EclipseLogger - skip non existing resourceDirectory E:\Saurabh\SaurabhLockDown\Hibernate 9AM\HibernateApps\HBAnnoProj-46-HB_QBC\src\main\resources
2020-10-08 14:52:45,484 [Worker-53: Building workspace] INFO  o.e.m.c.i.embedder.EclipseLogger - Using 'UTF-8' encoding to copy filtered resources.
2020-10-08 14:52:45,484 [Worker-53: Building workspace] INFO  o.e.m.c.i.embedder.EclipseLogger - skip non existing resourceDirectory E:\Saurabh\SaurabhLockDown\Hibernate 9AM\HibernateApps\HBAnnoProj-46-HB_QBC\src\test\resources
2020-10-08 14:54:43,484 [Worker-53: Building workspace] INFO  o.e.m.c.i.embedder.EclipseLogger - Using 'UTF-8' encoding to copy filtered resources.
2020-10-08 14:54:43,484 [Worker-53: Building workspace] INFO  o.e.m.c.i.embedder.EclipseLogger - skip non existing resourceDirectory E:\Saurabh\SaurabhLockDown\Hibernate 9AM\HibernateApps\HBAnnoProj-46-HB_QBC\src\main\resources
2020-10-08 14:54:43,487 [Worker-53: Building workspace] INFO  o.e.m.c.i.embedder.EclipseLogger - Using 'UTF-8' encoding to copy filtered resources.
2020-10-08 14:54:43,488 [Worker-53: Building workspace] INFO  o.e.m.c.i.embedder.EclipseLogger - skip non existing resourceDirectory E:\Saurabh\SaurabhLockDown\Hibernate 9AM\HibernateApps\HBAnnoProj-46-HB_QBC\src\test\resources
2020-11-02 21:59:15,714 [Worker-1: Loading available Gradle versions] INFO  o.e.b.c.i.u.g.PublishedGradleVersions - Gradle version information cache is out-of-date. Trying to update.
2020-11-02 22:00:16,144 [Worker-5: Updating Maven Dependencies] INFO  o.e.m.c.i.l.LifecycleMappingFactory - Using org.eclipse.m2e.jdt.JarLifecycleMapping lifecycle mapping for MavenProject: nit:HBAnnoProj-46-HB_QBC:0.0.1-SNAPSHOT @ E:\Saurabh\SaurabhLockDown\Hibernate 9AM\HibernateApps\HBAnnoProj-46-HB_QBC\pom.xml.
2020-11-02 22:00:51,022 [Worker-14: Building] INFO  o.e.m.c.i.embedder.EclipseLogger - Using 'UTF-8' encoding to copy filtered resources.
2020-11-02 22:00:51,023 [Worker-14: Building] INFO  o.e.m.c.i.embedder.EclipseLogger - skip non existing resourceDirectory E:\Saurabh\SaurabhLockDown\Hibernate 9AM\HibernateApps\HBAnnoProj-46-HB_QBC\src\main\resources
2020-11-02 22:00:51,031 [Worker-14: Building] INFO  o.e.m.c.i.embedder.EclipseLogger - Using 'UTF-8' encoding to copy filtered resources.
2020-11-02 22:00:51,031 [Worker-14: Building] INFO  o.e.m.c.i.embedder.EclipseLogger - skip non existing resourceDirectory E:\Saurabh\SaurabhLockDown\Hibernate 9AM\HibernateApps\HBAnnoProj-46-HB_QBC\src\test\resources
2020-11-05 19:09:58,365 [Worker-3: Loading available Gradle versions] INFO  o.e.b.c.i.u.g.PublishedGradleVersions - Gradle version information cache is up-to-date. Trying to read.
2020-11-05 19:12:41,271 [Worker-9: Building] INFO  o.e.m.c.i.l.LifecycleMappingFactory - Using org.eclipse.m2e.jdt.JarLifecycleMapping lifecycle mapping for MavenProject: nit:HBProj46Anno-HB-QBC:0.0.1-SNAPSHOT @ E:\Saurabh\SaurabhLockDown\Hibernate 9AM\NTHB914-master\NTHB914-master\HBProj65-CollectionMapping\pom.xml.
2020-11-05 19:12:48,088 [Worker-11: Updating Maven Dependencies] INFO  o.e.m.c.i.l.LifecycleMappingFactory - Using org.eclipse.m2e.jdt.JarLifecycleMapping lifecycle mapping for MavenProject: nit:HBProj46Anno-HB-QBC:0.0.1-SNAPSHOT @ E:\Saurabh\SaurabhLockDown\Hibernate 9AM\NTHB914-master\NTHB914-master\HBProj65-CollectionMapping\pom.xml.
2020-11-05 19:22:01,633 [Worker-18: Building] INFO  o.e.m.c.i.l.LifecycleMappingFactory - Using org.eclipse.m2e.jdt.JarLifecycleMapping lifecycle mapping for MavenProject: nit:HBProj46Anno-HB-QBC:0.0.1-SNAPSHOT @ E:\Saurabh\SaurabhLockDown\Hibernate 9AM\NTHB914-master\NTHB914-master\HBProj64-CollectionMapping\pom.xml.
2020-11-05 19:22:03,899 [Worker-9: Updating Maven Dependencies] INFO  o.e.m.c.i.l.LifecycleMappingFactory - Using org.eclipse.m2e.jdt.JarLifecycleMapping lifecycle mapping for MavenProject: nit:HBProj46Anno-HB-QBC:0.0.1-SNAPSHOT @ E:\Saurabh\SaurabhLockDown\Hibernate 9AM\NTHB914-master\NTHB914-master\HBProj64-CollectionMapping\pom.xml.
2020-11-05 20:53:25,951 [Worker-31: Building] INFO  o.e.m.c.i.l.LifecycleMappingFactory - Using org.eclipse.m2e.jdt.JarLifecycleMapping lifecycle mapping for MavenProject: nit:HBProj46Anno-HB-QBC:0.0.1-SNAPSHOT @ E:\Saurabh\SaurabhLockDown\Hibernate 9AM\NTHB914-master\NTHB914-master\HBProj65-CollectionMapping\pom.xml.
2020-11-05 20:55:34,760 [Worker-34: Building] INFO  o.e.m.c.i.embedder.EclipseLogger - Using 'UTF-8' encoding to copy filtered resources.
2020-11-05 20:55:34,761 [Worker-34: Building] INFO  o.e.m.c.i.embedder.EclipseLogger - skip non existing resourceDirectory E:\Saurabh\SaurabhLockDown\Hibernate 9AM\HibernateApps\HBAnnoProj-46-HB_QBC\src\main\resources
2020-11-05 20:55:34,784 [Worker-34: Building] INFO  o.e.m.c.i.embedder.EclipseLogger - Using 'UTF-8' encoding to copy filtered resources.
2020-11-05 20:55:34,784 [Worker-34: Building] INFO  o.e.m.c.i.embedder.EclipseLogger - skip non existing resourceDirectory E:\Saurabh\SaurabhLockDown\Hibernate 9AM\HibernateApps\HBAnnoProj-46-HB_QBC\src\test\resources
2020-11-05 20:56:14,681 [Worker-34: Building] INFO  o.e.m.c.i.l.LifecycleMappingFactory - Using org.eclipse.m2e.jdt.JarLifecycleMapping lifecycle mapping for MavenProject: nit:HBProj46Anno-HB-QBC:0.0.1-SNAPSHOT @ E:\Saurabh\SaurabhLockDown\Hibernate 9AM\NTHB914-master\NTHB914-master\HBProj65-CollectionMapping\pom.xml.
2020-11-07 20:41:47,012 [Worker-1: Loading available Gradle versions] INFO  o.e.b.c.i.u.g.PublishedGradleVersions - Gradle version information cache is out-of-date. Trying to update.
2020-11-07 20:51:07,597 [Worker-21: Building] INFO  o.e.m.c.i.embedder.EclipseLogger - Using 'UTF-8' encoding to copy filtered resources.
2020-11-07 20:51:07,598 [Worker-21: Building] INFO  o.e.m.c.i.embedder.EclipseLogger - skip non existing resourceDirectory E:\Saurabh\SaurabhLockDown\Hibernate 9AM\HibernateApps\HBAnnoProj-46-HB_QBC\src\main\resources
2020-11-07 20:51:07,606 [Worker-21: Building] INFO  o.e.m.c.i.embedder.EclipseLogger - Using 'UTF-8' encoding to copy filtered resources.
2020-11-07 20:51:07,607 [Worker-21: Building] INFO  o.e.m.c.i.embedder.EclipseLogger - skip non existing resourceDirectory E:\Saurabh\SaurabhLockDown\Hibernate 9AM\HibernateApps\HBAnnoProj-46-HB_QBC\src\test\resources
2020-11-07 20:51:14,146 [Worker-21: Building] INFO  o.e.m.c.i.l.LifecycleMappingFactory - Using org.eclipse.m2e.jdt.JarLifecycleMapping lifecycle mapping for MavenProject: nit:HBProj46Anno-HB-QBC:0.0.1-SNAPSHOT @ E:\Saurabh\SaurabhLockDown\Hibernate 9AM\NTHB914-master\NTHB914-master\HBProj64-CollectionMapping\pom.xml.
2020-11-07 20:51:34,143 [Worker-19: Building] INFO  o.e.m.c.i.l.LifecycleMappingFactory - Using org.eclipse.m2e.jdt.JarLifecycleMapping lifecycle mapping for MavenProject: nit:HBProj46Anno-HB-QBC:0.0.1-SNAPSHOT @ E:\Saurabh\SaurabhLockDown\Hibernate 9AM\NTHB914-master\NTHB914-master\HBProj65-CollectionMapping\pom.xml.
2020-11-07 20:56:13,345 [Worker-18: Updating Maven Dependencies] ERROR o.e.m.j.i.l.MavenLaunchConfigurationListener - Launch configuration CollectionMappingInsertTest references non-existing project HBProj65-CollectionMapping.
org.eclipse.core.runtime.CoreException: Launch configuration CollectionMappingInsertTest references non-existing project HBProj65-CollectionMapping.
	at org.eclipse.jdt.launching.JavaRuntime.abort(JavaRuntime.java:1843)
	at org.eclipse.jdt.launching.JavaRuntime.getJavaProject(JavaRuntime.java:1718)
	at org.eclipse.m2e.jdt.internal.launch.MavenLaunchConfigurationListener.updateLaunchConfiguration(MavenLaunchConfigurationListener.java:55)
	at org.eclipse.m2e.jdt.internal.launch.MavenLaunchConfigurationListener.launchConfigurationChanged(MavenLaunchConfigurationListener.java:40)
	at org.eclipse.debug.internal.core.LaunchManager$ConfigurationNotifier.run(LaunchManager.java:224)
	at org.eclipse.core.runtime.SafeRunner.run(SafeRunner.java:45)
	at org.eclipse.debug.internal.core.LaunchManager$ConfigurationNotifier.notify(LaunchManager.java:208)
	at org.eclipse.debug.internal.core.LaunchConfigurationWorkingCopy.setDirty(LaunchConfigurationWorkingCopy.java:521)
	at org.eclipse.debug.internal.core.LaunchConfigurationWorkingCopy.setAttribute(LaunchConfigurationWorkingCopy.java:409)
	at org.eclipse.m2e.jdt.internal.launch.MavenRuntimeClasspathProvider.disable(MavenRuntimeClasspathProvider.java:401)
	at org.eclipse.m2e.jdt.internal.launch.MavenRuntimeClasspathProvider.disable(MavenRuntimeClasspathProvider.java:427)
	at org.eclipse.m2e.jdt.internal.launch.MavenLaunchConfigurationListener.mavenProjectChanged(MavenLaunchConfigurationListener.java:72)
	at org.eclipse.m2e.core.internal.project.registry.ProjectRegistryManager.notifyProjectChangeListeners(ProjectRegistryManager.java:824)
	at org.eclipse.m2e.core.internal.project.registry.ProjectRegistryManager.applyMutableProjectRegistry(ProjectRegistryManager.java:990)
	at org.eclipse.m2e.core.internal.project.registry.ProjectRegistryRefreshJob.lambda$0(ProjectRegistryRefreshJob.java:149)
	at org.eclipse.m2e.core.internal.embedder.MavenExecutionContext.executeBare(MavenExecutionContext.java:179)
	at org.eclipse.m2e.core.internal.embedder.MavenExecutionContext.execute(MavenExecutionContext.java:153)
	at org.eclipse.m2e.core.internal.embedder.MavenExecutionContext.execute(MavenExecutionContext.java:101)
	at org.eclipse.m2e.core.internal.embedder.MavenImpl.execute(MavenImpl.java:1374)
	at org.eclipse.m2e.core.internal.project.registry.ProjectRegistryRefreshJob.run(ProjectRegistryRefreshJob.java:84)
	at org.eclipse.core.internal.jobs.Worker.run(Worker.java:63)
2020-11-07 20:56:13,350 [Worker-18: Updating Maven Dependencies] ERROR o.e.m.j.i.l.MavenLaunchConfigurationListener - Launch configuration CollectionMappingInsertTest references non-existing project HBProj65-CollectionMapping.
org.eclipse.core.runtime.CoreException: Launch configuration CollectionMappingInsertTest references non-existing project HBProj65-CollectionMapping.
	at org.eclipse.jdt.launching.JavaRuntime.abort(JavaRuntime.java:1843)
	at org.eclipse.jdt.launching.JavaRuntime.getJavaProject(JavaRuntime.java:1718)
	at org.eclipse.m2e.jdt.internal.launch.MavenLaunchConfigurationListener.updateLaunchConfiguration(MavenLaunchConfigurationListener.java:55)
	at org.eclipse.m2e.jdt.internal.launch.MavenLaunchConfigurationListener.launchConfigurationChanged(MavenLaunchConfigurationListener.java:40)
	at org.eclipse.debug.internal.core.LaunchManager$ConfigurationNotifier.run(LaunchManager.java:224)
	at org.eclipse.core.runtime.SafeRunner.run(SafeRunner.java:45)
	at org.eclipse.debug.internal.core.LaunchManager$ConfigurationNotifier.notify(LaunchManager.java:208)
	at org.eclipse.debug.internal.core.LaunchConfigurationWorkingCopy.setDirty(LaunchConfigurationWorkingCopy.java:521)
	at org.eclipse.debug.internal.core.LaunchConfigurationWorkingCopy.setAttribute(LaunchConfigurationWorkingCopy.java:409)
	at org.eclipse.m2e.jdt.internal.launch.MavenRuntimeClasspathProvider.disable(MavenRuntimeClasspathProvider.java:402)
	at org.eclipse.m2e.jdt.internal.launch.MavenRuntimeClasspathProvider.disable(MavenRuntimeClasspathProvider.java:427)
	at org.eclipse.m2e.jdt.internal.launch.MavenLaunchConfigurationListener.mavenProjectChanged(MavenLaunchConfigurationListener.java:72)
	at org.eclipse.m2e.core.internal.project.registry.ProjectRegistryManager.notifyProjectChangeListeners(ProjectRegistryManager.java:824)
	at org.eclipse.m2e.core.internal.project.registry.ProjectRegistryManager.applyMutableProjectRegistry(ProjectRegistryManager.java:990)
	at org.eclipse.m2e.core.internal.project.registry.ProjectRegistryRefreshJob.lambda$0(ProjectRegistryRefreshJob.java:149)
	at org.eclipse.m2e.core.internal.embedder.MavenExecutionContext.executeBare(MavenExecutionContext.java:179)
	at org.eclipse.m2e.core.internal.embedder.MavenExecutionContext.execute(MavenExecutionContext.java:153)
	at org.eclipse.m2e.core.internal.embedder.MavenExecutionContext.execute(MavenExecutionContext.java:101)
	at org.eclipse.m2e.core.internal.embedder.MavenImpl.execute(MavenImpl.java:1374)
	at org.eclipse.m2e.core.internal.project.registry.ProjectRegistryRefreshJob.run(ProjectRegistryRefreshJob.java:84)
	at org.eclipse.core.internal.jobs.Worker.run(Worker.java:63)
2020-11-07 20:56:13,360 [Worker-18: Updating Maven Dependencies] ERROR o.e.m.j.i.l.MavenLaunchConfigurationListener - Launch configuration CollectionMappingInsertTest references non-existing project HBProj65-CollectionMapping.
org.eclipse.core.runtime.CoreException: Launch configuration CollectionMappingInsertTest references non-existing project HBProj65-CollectionMapping.
	at org.eclipse.jdt.launching.JavaRuntime.abort(JavaRuntime.java:1843)
	at org.eclipse.jdt.launching.JavaRuntime.getJavaProject(JavaRuntime.java:1718)
	at org.eclipse.m2e.jdt.internal.launch.MavenLaunchConfigurationListener.updateLaunchConfiguration(MavenLaunchConfigurationListener.java:55)
	at org.eclipse.m2e.jdt.internal.launch.MavenLaunchConfigurationListener.launchConfigurationChanged(MavenLaunchConfigurationListener.java:40)
	at org.eclipse.debug.internal.core.LaunchManager$ConfigurationNotifier.run(LaunchManager.java:224)
	at org.eclipse.core.runtime.SafeRunner.run(SafeRunner.java:45)
	at org.eclipse.debug.internal.core.LaunchManager$ConfigurationNotifier.notify(LaunchManager.java:208)
	at org.eclipse.debug.internal.core.LaunchManager.launchConfigurationChanged(LaunchManager.java:2130)
	at org.eclipse.debug.internal.core.LaunchConfigurationWorkingCopy.writeNewFile(LaunchConfigurationWorkingCopy.java:374)
	at org.eclipse.debug.internal.core.LaunchConfigurationWorkingCopy.doSave0(LaunchConfigurationWorkingCopy.java:257)
	at org.eclipse.debug.internal.core.LaunchConfigurationWorkingCopy.doSave(LaunchConfigurationWorkingCopy.java:227)
	at org.eclipse.debug.internal.core.LaunchConfigurationWorkingCopy.doSave(LaunchConfigurationWorkingCopy.java:185)
	at org.eclipse.m2e.jdt.internal.launch.MavenRuntimeClasspathProvider.disable(MavenRuntimeClasspathProvider.java:403)
	at org.eclipse.m2e.jdt.internal.launch.MavenRuntimeClasspathProvider.disable(MavenRuntimeClasspathProvider.java:427)
	at org.eclipse.m2e.jdt.internal.launch.MavenLaunchConfigurationListener.mavenProjectChanged(MavenLaunchConfigurationListener.java:72)
	at org.eclipse.m2e.core.internal.project.registry.ProjectRegistryManager.notifyProjectChangeListeners(ProjectRegistryManager.java:824)
	at org.eclipse.m2e.core.internal.project.registry.ProjectRegistryManager.applyMutableProjectRegistry(ProjectRegistryManager.java:990)
	at org.eclipse.m2e.core.internal.project.registry.ProjectRegistryRefreshJob.lambda$0(ProjectRegistryRefreshJob.java:149)
	at org.eclipse.m2e.core.internal.embedder.MavenExecutionContext.executeBare(MavenExecutionContext.java:179)
	at org.eclipse.m2e.core.internal.embedder.MavenExecutionContext.execute(MavenExecutionContext.java:153)
	at org.eclipse.m2e.core.internal.embedder.MavenExecutionContext.execute(MavenExecutionContext.java:101)
	at org.eclipse.m2e.core.internal.embedder.MavenImpl.execute(MavenImpl.java:1374)
	at org.eclipse.m2e.core.internal.project.registry.ProjectRegistryRefreshJob.run(ProjectRegistryRefreshJob.java:84)
	at org.eclipse.core.internal.jobs.Worker.run(Worker.java:63)
2020-11-07 21:27:29,515 [Worker-3: Loading available Gradle versions] INFO  o.e.b.c.i.u.g.PublishedGradleVersions - Gradle version information cache is up-to-date. Trying to read.
2020-11-12 13:28:28,477 [Worker-6: Loading available Gradle versions] INFO  o.e.b.c.i.u.g.PublishedGradleVersions - Gradle version information cache is up-to-date. Trying to read.
2020-11-12 13:29:41,634 [Worker-5: Building] INFO  o.e.m.c.i.embedder.EclipseLogger - Using 'UTF-8' encoding to copy filtered resources.
2020-11-12 13:29:41,637 [Worker-5: Building] INFO  o.e.m.c.i.embedder.EclipseLogger - skip non existing resourceDirectory E:\Saurabh\SaurabhLockDown\Hibernate 9AM\HibernateApps\HBAnnoProj-46-HB_QBC\src\main\resources
2020-11-12 13:29:41,644 [Worker-5: Building] INFO  o.e.m.c.i.embedder.EclipseLogger - Using 'UTF-8' encoding to copy filtered resources.
2020-11-12 13:29:41,645 [Worker-5: Building] INFO  o.e.m.c.i.embedder.EclipseLogger - skip non existing resourceDirectory E:\Saurabh\SaurabhLockDown\Hibernate 9AM\HibernateApps\HBAnnoProj-46-HB_QBC\src\test\resources
2020-11-12 13:29:53,410 [Worker-1: Building] INFO  o.e.m.c.i.l.LifecycleMappingFactory - Using org.eclipse.m2e.jdt.JarLifecycleMapping lifecycle mapping for MavenProject: nit:HBProj46Anno-HB-QBC:0.0.1-SNAPSHOT @ E:\Saurabh\SaurabhLockDown\Hibernate 9AM\NTHB914-master\NTHB914-master\HBProj64-CollectionMapping\pom.xml.
2020-11-12 13:29:59,278 [Worker-8: Building] INFO  o.e.m.c.i.l.LifecycleMappingFactory - Using org.eclipse.m2e.jdt.JarLifecycleMapping lifecycle mapping for MavenProject: nit:HBProj46Anno-HB-QBC:0.0.1-SNAPSHOT @ E:\Saurabh\SaurabhLockDown\Hibernate 9AM\NTHB914-master\NTHB914-master\HBProj64-CollectionMapping\pom.xml.
2020-11-12 13:32:11,698 [Worker-20: Updating Maven Dependencies] ERROR o.e.m.j.i.l.MavenLaunchConfigurationListener - Launch configuration CriteriaAPITest references closed project HBAnnoProj-46-HB_QBC
org.eclipse.core.runtime.CoreException: Launch configuration CriteriaAPITest references closed project HBAnnoProj-46-HB_QBC
	at org.eclipse.jdt.launching.JavaRuntime.abort(JavaRuntime.java:1843)
	at org.eclipse.jdt.launching.JavaRuntime.getJavaProject(JavaRuntime.java:1715)
	at org.eclipse.m2e.jdt.internal.launch.MavenLaunchConfigurationListener.updateLaunchConfiguration(MavenLaunchConfigurationListener.java:55)
	at org.eclipse.m2e.jdt.internal.launch.MavenLaunchConfigurationListener.launchConfigurationChanged(MavenLaunchConfigurationListener.java:40)
	at org.eclipse.debug.internal.core.LaunchManager$ConfigurationNotifier.run(LaunchManager.java:224)
	at org.eclipse.core.runtime.SafeRunner.run(SafeRunner.java:45)
	at org.eclipse.debug.internal.core.LaunchManager$ConfigurationNotifier.notify(LaunchManager.java:208)
	at org.eclipse.debug.internal.core.LaunchConfigurationWorkingCopy.setDirty(LaunchConfigurationWorkingCopy.java:521)
	at org.eclipse.debug.internal.core.LaunchConfigurationWorkingCopy.setAttribute(LaunchConfigurationWorkingCopy.java:409)
	at org.eclipse.m2e.jdt.internal.launch.MavenRuntimeClasspathProvider.disable(MavenRuntimeClasspathProvider.java:401)
	at org.eclipse.m2e.jdt.internal.launch.MavenRuntimeClasspathProvider.disable(MavenRuntimeClasspathProvider.java:427)
	at org.eclipse.m2e.jdt.internal.launch.MavenLaunchConfigurationListener.mavenProjectChanged(MavenLaunchConfigurationListener.java:72)
	at org.eclipse.m2e.core.internal.project.registry.ProjectRegistryManager.notifyProjectChangeListeners(ProjectRegistryManager.java:824)
	at org.eclipse.m2e.core.internal.project.registry.ProjectRegistryManager.applyMutableProjectRegistry(ProjectRegistryManager.java:990)
	at org.eclipse.m2e.core.internal.project.registry.ProjectRegistryRefreshJob.lambda$0(ProjectRegistryRefreshJob.java:149)
	at org.eclipse.m2e.core.internal.embedder.MavenExecutionContext.executeBare(MavenExecutionContext.java:179)
	at org.eclipse.m2e.core.internal.embedder.MavenExecutionContext.execute(MavenExecutionContext.java:153)
	at org.eclipse.m2e.core.internal.embedder.MavenExecutionContext.execute(MavenExecutionContext.java:101)
	at org.eclipse.m2e.core.internal.embedder.MavenImpl.execute(MavenImpl.java:1374)
	at org.eclipse.m2e.core.internal.project.registry.ProjectRegistryRefreshJob.run(ProjectRegistryRefreshJob.java:84)
	at org.eclipse.core.internal.jobs.Worker.run(Worker.java:63)
2020-11-12 13:32:11,702 [Worker-20: Updating Maven Dependencies] ERROR o.e.m.j.i.l.MavenLaunchConfigurationListener - Launch configuration CriteriaAPITest references closed project HBAnnoProj-46-HB_QBC
org.eclipse.core.runtime.CoreException: Launch configuration CriteriaAPITest references closed project HBAnnoProj-46-HB_QBC
	at org.eclipse.jdt.launching.JavaRuntime.abort(JavaRuntime.java:1843)
	at org.eclipse.jdt.launching.JavaRuntime.getJavaProject(JavaRuntime.java:1715)
	at org.eclipse.m2e.jdt.internal.launch.MavenLaunchConfigurationListener.updateLaunchConfiguration(MavenLaunchConfigurationListener.java:55)
	at org.eclipse.m2e.jdt.internal.launch.MavenLaunchConfigurationListener.launchConfigurationChanged(MavenLaunchConfigurationListener.java:40)
	at org.eclipse.debug.internal.core.LaunchManager$ConfigurationNotifier.run(LaunchManager.java:224)
	at org.eclipse.core.runtime.SafeRunner.run(SafeRunner.java:45)
	at org.eclipse.debug.internal.core.LaunchManager$ConfigurationNotifier.notify(LaunchManager.java:208)
	at org.eclipse.debug.internal.core.LaunchConfigurationWorkingCopy.setDirty(LaunchConfigurationWorkingCopy.java:521)
	at org.eclipse.debug.internal.core.LaunchConfigurationWorkingCopy.setAttribute(LaunchConfigurationWorkingCopy.java:409)
	at org.eclipse.m2e.jdt.internal.launch.MavenRuntimeClasspathProvider.disable(MavenRuntimeClasspathProvider.java:402)
	at org.eclipse.m2e.jdt.internal.launch.MavenRuntimeClasspathProvider.disable(MavenRuntimeClasspathProvider.java:427)
	at org.eclipse.m2e.jdt.internal.launch.MavenLaunchConfigurationListener.mavenProjectChanged(MavenLaunchConfigurationListener.java:72)
	at org.eclipse.m2e.core.internal.project.registry.ProjectRegistryManager.notifyProjectChangeListeners(ProjectRegistryManager.java:824)
	at org.eclipse.m2e.core.internal.project.registry.ProjectRegistryManager.applyMutableProjectRegistry(ProjectRegistryManager.java:990)
	at org.eclipse.m2e.core.internal.project.registry.ProjectRegistryRefreshJob.lambda$0(ProjectRegistryRefreshJob.java:149)
	at org.eclipse.m2e.core.internal.embedder.MavenExecutionContext.executeBare(MavenExecutionContext.java:179)
	at org.eclipse.m2e.core.internal.embedder.MavenExecutionContext.execute(MavenExecutionContext.java:153)
	at org.eclipse.m2e.core.internal.embedder.MavenExecutionContext.execute(MavenExecutionContext.java:101)
	at org.eclipse.m2e.core.internal.embedder.MavenImpl.execute(MavenImpl.java:1374)
	at org.eclipse.m2e.core.internal.project.registry.ProjectRegistryRefreshJob.run(ProjectRegistryRefreshJob.java:84)
	at org.eclipse.core.internal.jobs.Worker.run(Worker.java:63)
2020-11-12 13:32:11,713 [Worker-20: Updating Maven Dependencies] ERROR o.e.m.j.i.l.MavenLaunchConfigurationListener - Launch configuration CriteriaAPITest references closed project HBAnnoProj-46-HB_QBC
org.eclipse.core.runtime.CoreException: Launch configuration CriteriaAPITest references closed project HBAnnoProj-46-HB_QBC
	at org.eclipse.jdt.launching.JavaRuntime.abort(JavaRuntime.java:1843)
	at org.eclipse.jdt.launching.JavaRuntime.getJavaProject(JavaRuntime.java:1715)
	at org.eclipse.m2e.jdt.internal.launch.MavenLaunchConfigurationListener.updateLaunchConfiguration(MavenLaunchConfigurationListener.java:55)
	at org.eclipse.m2e.jdt.internal.launch.MavenLaunchConfigurationListener.launchConfigurationChanged(MavenLaunchConfigurationListener.java:40)
	at org.eclipse.debug.internal.core.LaunchManager$ConfigurationNotifier.run(LaunchManager.java:224)
	at org.eclipse.core.runtime.SafeRunner.run(SafeRunner.java:45)
	at org.eclipse.debug.internal.core.LaunchManager$ConfigurationNotifier.notify(LaunchManager.java:208)
	at org.eclipse.debug.internal.core.LaunchManager.launchConfigurationChanged(LaunchManager.java:2130)
	at org.eclipse.debug.internal.core.LaunchConfigurationWorkingCopy.writeNewFile(LaunchConfigurationWorkingCopy.java:374)
	at org.eclipse.debug.internal.core.LaunchConfigurationWorkingCopy.doSave0(LaunchConfigurationWorkingCopy.java:257)
	at org.eclipse.debug.internal.core.LaunchConfigurationWorkingCopy.doSave(LaunchConfigurationWorkingCopy.java:227)
	at org.eclipse.debug.internal.core.LaunchConfigurationWorkingCopy.doSave(LaunchConfigurationWorkingCopy.java:185)
	at org.eclipse.m2e.jdt.internal.launch.MavenRuntimeClasspathProvider.disable(MavenRuntimeClasspathProvider.java:403)
	at org.eclipse.m2e.jdt.internal.launch.MavenRuntimeClasspathProvider.disable(MavenRuntimeClasspathProvider.java:427)
	at org.eclipse.m2e.jdt.internal.launch.MavenLaunchConfigurationListener.mavenProjectChanged(MavenLaunchConfigurationListener.java:72)
	at org.eclipse.m2e.core.internal.project.registry.ProjectRegistryManager.notifyProjectChangeListeners(ProjectRegistryManager.java:824)
	at org.eclipse.m2e.core.internal.project.registry.ProjectRegistryManager.applyMutableProjectRegistry(ProjectRegistryManager.java:990)
	at org.eclipse.m2e.core.internal.project.registry.ProjectRegistryRefreshJob.lambda$0(ProjectRegistryRefreshJob.java:149)
	at org.eclipse.m2e.core.internal.embedder.MavenExecutionContext.executeBare(MavenExecutionContext.java:179)
	at org.eclipse.m2e.core.internal.embedder.MavenExecutionContext.execute(MavenExecutionContext.java:153)
	at org.eclipse.m2e.core.internal.embedder.MavenExecutionContext.execute(MavenExecutionContext.java:101)
	at org.eclipse.m2e.core.internal.embedder.MavenImpl.execute(MavenImpl.java:1374)
	at org.eclipse.m2e.core.internal.project.registry.ProjectRegistryRefreshJob.run(ProjectRegistryRefreshJob.java:84)
	at org.eclipse.core.internal.jobs.Worker.run(Worker.java:63)
2020-11-20 19:27:23,275 [Worker-4: Loading available Gradle versions] INFO  o.e.b.c.i.u.g.PublishedGradleVersions - Gradle version information cache is out-of-date. Trying to update.
2020-11-20 19:27:30,260 [Worker-4: Loading available Gradle versions] INFO  o.e.b.c.i.u.g.PublishedGradleVersions - Updating Gradle version information cache failed. Using outdated cache.
2020-11-21 21:24:15,574 [Worker-3: Loading available Gradle versions] INFO  o.e.b.c.i.u.g.PublishedGradleVersions - Gradle version information cache is out-of-date. Trying to update.
2020-11-21 21:24:38,338 [Worker-3: Loading available Gradle versions] INFO  o.e.b.c.i.u.g.PublishedGradleVersions - Updating Gradle version information cache failed. Using outdated cache.
2020-11-24 18:21:42,129 [Worker-2: Loading available Gradle versions] INFO  o.e.b.c.i.u.g.PublishedGradleVersions - Gradle version information cache is out-of-date. Trying to update.
2020-11-25 20:39:51,971 [Worker-6: Loading available Gradle versions] INFO  o.e.b.c.i.u.g.PublishedGradleVersions - Gradle version information cache is up-to-date. Trying to read.
